<?xml version="1.0" encoding="UTF-8"?>
<!-- Generated by org.testng.reporters.JUnitXMLReporter -->
<testsuite ignored="0" hostname="DESKTOP-S04OVM4" failures="1" tests="6" name="Test" time="2.596" errors="0" timestamp="2023-08-07T17:42:19 IST">
  <testcase classname="test.java.Tests" name="mandatoryParamCountryValidation" time="1.968">
    <failure type="java.lang.AssertionError" message="expected [true] but found [false]">
      <![CDATA[java.lang.AssertionError: expected [true] but found [false]
at test.java.Tests.mandatoryParamCountryValidation(Tests.java:125)
at java.base/java.util.ArrayList.forEach(ArrayList.java:1511)
... Removed 29 stack frames]]>
    </failure>
  </testcase> <!-- mandatoryParamCountryValidation -->
  <testcase classname="test.java.Tests" name="mandatoryParamTermValidation" time="0.037"/>
  <testcase classname="test.java.Tests" name="validateInvalidDataThrowsBadRequest" time="0.294"/>
  <testcase classname="test.java.Tests" name="validateLimitParameter" time="0.04"/>
  <testcase classname="test.java.Tests" name="validateResponseResultHasExpectedParameters" time="0.173"/>
  <testcase classname="test.java.Tests" name="validateSearchResultsDisplayed" time="0.034"/>
</testsuite> <!-- Test -->
